0번째 입니다
5번째 입니다
10번째 입니다
15번째 입니다
20번째 입니다
25번째 입니다
30번째 입니다
35번째 입니다
40번째 입니다
45번째 입니다
50번째 입니다
55번째 입니다
60번째 입니다
65번째 입니다
70번째 입니다
75번째 입니다
80번째 입니다
85번째 입니다
90번째 입니다
95번째 입니다
100번째 입니다
105번째 입니다
110번째 입니다
115번째 입니다
120번째 입니다
125번째 입니다
130번째 입니다
135번째 입니다
140번째 입니다
145번째 입니다
150번째 입니다
155번째 입니다
160번째 입니다
165번째 입니다
170번째 입니다
175번째 입니다
180번째 입니다
185번째 입니다
190번째 입니다
195번째 입니다
200번째 입니다
205번째 입니다
210번째 입니다
215번째 입니다
220번째 입니다
225번째 입니다
230번째 입니다
235번째 입니다
240번째 입니다
245번째 입니다
250번째 입니다
255번째 입니다
260번째 입니다
265번째 입니다
270번째 입니다
275번째 입니다
280번째 입니다
285번째 입니다
290번째 입니다
295번째 입니다
300번째 입니다
305번째 입니다
310번째 입니다
315번째 입니다
320번째 입니다
325번째 입니다
330번째 입니다
335번째 입니다
340번째 입니다
345번째 입니다
350번째 입니다
355번째 입니다
360번째 입니다
365번째 입니다
370번째 입니다
375번째 입니다
380번째 입니다
385번째 입니다
390번째 입니다
395번째 입니다
400번째 입니다
405번째 입니다
410번째 입니다
415번째 입니다
420번째 입니다
425번째 입니다
430번째 입니다
435번째 입니다
440번째 입니다
445번째 입니다
450번째 입니다
455번째 입니다
460번째 입니다
465번째 입니다
470번째 입니다
475번째 입니다
480번째 입니다
485번째 입니다
490번째 입니다
495번째 입니다
500번째 입니다
505번째 입니다
510번째 입니다
515번째 입니다
520번째 입니다
525번째 입니다
530번째 입니다
535번째 입니다
540번째 입니다
545번째 입니다
550번째 입니다
555번째 입니다
560번째 입니다
565번째 입니다
570번째 입니다
575번째 입니다
580번째 입니다
585번째 입니다
590번째 입니다
595번째 입니다
600번째 입니다
605번째 입니다
610번째 입니다
615번째 입니다
620번째 입니다
625번째 입니다
630번째 입니다
635번째 입니다
640번째 입니다
645번째 입니다
650번째 입니다
655번째 입니다
660번째 입니다
665번째 입니다
670번째 입니다
675번째 입니다
680번째 입니다
685번째 입니다
690번째 입니다
695번째 입니다
700번째 입니다
705번째 입니다
710번째 입니다
715번째 입니다
720번째 입니다
725번째 입니다
730번째 입니다
735번째 입니다
740번째 입니다
745번째 입니다
750번째 입니다
755번째 입니다
760번째 입니다
765번째 입니다
770번째 입니다
775번째 입니다
780번째 입니다
785번째 입니다
790번째 입니다
795번째 입니다
800번째 입니다
805번째 입니다
810번째 입니다
815번째 입니다
820번째 입니다
825번째 입니다
830번째 입니다
835번째 입니다
840번째 입니다
845번째 입니다
850번째 입니다
855번째 입니다
860번째 입니다
865번째 입니다
870번째 입니다
875번째 입니다
880번째 입니다
885번째 입니다
890번째 입니다
895번째 입니다
900번째 입니다
905번째 입니다
910번째 입니다
915번째 입니다
920번째 입니다
925번째 입니다
930번째 입니다
935번째 입니다
940번째 입니다
945번째 입니다
950번째 입니다
955번째 입니다
960번째 입니다
965번째 입니다
970번째 입니다
975번째 입니다
980번째 입니다
985번째 입니다
990번째 입니다
995번째 입니다
1000번째 입니다
1005번째 입니다
1010번째 입니다
1015번째 입니다
1020번째 입니다
1025번째 입니다
1030번째 입니다
1035번째 입니다
1040번째 입니다
1045번째 입니다
1050번째 입니다
1055번째 입니다
1060번째 입니다
1065번째 입니다
1070번째 입니다
1075번째 입니다
1080번째 입니다
1085번째 입니다
1090번째 입니다
1095번째 입니다
1100번째 입니다
1105번째 입니다
1110번째 입니다
1115번째 입니다
1120번째 입니다
1125번째 입니다
1130번째 입니다
1135번째 입니다
1140번째 입니다
1145번째 입니다
1150번째 입니다
1155번째 입니다
1160번째 입니다
1165번째 입니다
1170번째 입니다
1175번째 입니다
1180번째 입니다
1185번째 입니다
1190번째 입니다
1195번째 입니다
1200번째 입니다
1205번째 입니다
1210번째 입니다
1215번째 입니다
1220번째 입니다
1225번째 입니다
1230번째 입니다
1235번째 입니다
1240번째 입니다
1245번째 입니다
1250번째 입니다
1255번째 입니다
1260번째 입니다
1265번째 입니다
1270번째 입니다
1275번째 입니다
1280번째 입니다
1285번째 입니다
1290번째 입니다
1295번째 입니다
1300번째 입니다
1305번째 입니다
1310번째 입니다
1315번째 입니다
1320번째 입니다
1325번째 입니다
1330번째 입니다
1335번째 입니다
1340번째 입니다
1345번째 입니다
1350번째 입니다
1355번째 입니다
1360번째 입니다
1365번째 입니다
1370번째 입니다
1375번째 입니다
1380번째 입니다
1385번째 입니다
1390번째 입니다
1395번째 입니다
1400번째 입니다
1405번째 입니다
1410번째 입니다
1415번째 입니다
1420번째 입니다
1425번째 입니다
1430번째 입니다
1435번째 입니다
1440번째 입니다
1445번째 입니다
1450번째 입니다
1455번째 입니다
1460번째 입니다
1465번째 입니다
1470번째 입니다
1475번째 입니다
1480번째 입니다
1485번째 입니다
1490번째 입니다
1495번째 입니다
1500번째 입니다
1505번째 입니다
1510번째 입니다
1515번째 입니다
1520번째 입니다
1525번째 입니다
1530번째 입니다
1535번째 입니다
1540번째 입니다
1545번째 입니다
1550번째 입니다
1555번째 입니다
1560번째 입니다
1565번째 입니다
1570번째 입니다
1575번째 입니다
1580번째 입니다
1585번째 입니다
1590번째 입니다
1595번째 입니다
1600번째 입니다
1605번째 입니다
1610번째 입니다
1615번째 입니다
1620번째 입니다
1625번째 입니다
1630번째 입니다
1635번째 입니다
1640번째 입니다
1645번째 입니다
1650번째 입니다
1655번째 입니다
1660번째 입니다
1665번째 입니다
1670번째 입니다
1675번째 입니다
1680번째 입니다
1685번째 입니다
1690번째 입니다
1695번째 입니다
1700번째 입니다
1705번째 입니다
1710번째 입니다
1715번째 입니다
1720번째 입니다
1725번째 입니다
1730번째 입니다
1735번째 입니다
1740번째 입니다
1745번째 입니다
1750번째 입니다
1755번째 입니다
1760번째 입니다
1765번째 입니다
1770번째 입니다
1775번째 입니다
1780번째 입니다
1785번째 입니다
1790번째 입니다
1795번째 입니다
1800번째 입니다
1805번째 입니다
1810번째 입니다
1815번째 입니다
1820번째 입니다
1825번째 입니다
1830번째 입니다
1835번째 입니다
1840번째 입니다
1845번째 입니다
1850번째 입니다
1855번째 입니다
1860번째 입니다
1865번째 입니다
1870번째 입니다
1875번째 입니다
1880번째 입니다
1885번째 입니다
1890번째 입니다
1895번째 입니다
1900번째 입니다
1905번째 입니다
1910번째 입니다
1915번째 입니다
1920번째 입니다
1925번째 입니다
1930번째 입니다
1935번째 입니다
1940번째 입니다
1945번째 입니다
1950번째 입니다
1955번째 입니다
1960번째 입니다
1965번째 입니다
1970번째 입니다
1975번째 입니다
1980번째 입니다
1985번째 입니다
1990번째 입니다
1995번째 입니다
2000번째 입니다
2005번째 입니다
2010번째 입니다
2015번째 입니다
2020번째 입니다
2025번째 입니다
2030번째 입니다
2035번째 입니다
2040번째 입니다
2045번째 입니다
2050번째 입니다
2055번째 입니다
2060번째 입니다
2065번째 입니다
2070번째 입니다
2075번째 입니다
2080번째 입니다
2085번째 입니다
2090번째 입니다
2095번째 입니다
2100번째 입니다
2105번째 입니다
2110번째 입니다
2115번째 입니다
2120번째 입니다
2125번째 입니다
2130번째 입니다
2135번째 입니다
2140번째 입니다
2145번째 입니다
2150번째 입니다
2155번째 입니다
2160번째 입니다
2165번째 입니다
2170번째 입니다
2175번째 입니다
2180번째 입니다
2185번째 입니다
2190번째 입니다
2195번째 입니다
2200번째 입니다
2205번째 입니다
2210번째 입니다
2215번째 입니다
2220번째 입니다
2225번째 입니다
2230번째 입니다
2235번째 입니다
2240번째 입니다
2245번째 입니다
2250번째 입니다
2255번째 입니다
2260번째 입니다
2265번째 입니다
2270번째 입니다
2275번째 입니다
2280번째 입니다
2285번째 입니다
2290번째 입니다
2295번째 입니다
2300번째 입니다
2305번째 입니다
2310번째 입니다
2315번째 입니다
2320번째 입니다
2325번째 입니다
2330번째 입니다
2335번째 입니다
2340번째 입니다
2345번째 입니다
2350번째 입니다
2355번째 입니다
2360번째 입니다
2365번째 입니다
2370번째 입니다
2375번째 입니다
2380번째 입니다
2385번째 입니다
2390번째 입니다
2395번째 입니다
2400번째 입니다
2405번째 입니다
2410번째 입니다
2415번째 입니다
2420번째 입니다
2425번째 입니다
2430번째 입니다
2435번째 입니다
2440번째 입니다
2445번째 입니다
2450번째 입니다
2455번째 입니다
2460번째 입니다
2465번째 입니다
2470번째 입니다
2475번째 입니다
2480번째 입니다
2485번째 입니다
2490번째 입니다
2495번째 입니다
2500번째 입니다
2505번째 입니다
2510번째 입니다
2515번째 입니다
2520번째 입니다
2525번째 입니다
2530번째 입니다
2535번째 입니다
2540번째 입니다
2545번째 입니다
2550번째 입니다
2555번째 입니다
2560번째 입니다
2565번째 입니다
2570번째 입니다
2575번째 입니다
2580번째 입니다
2585번째 입니다
2590번째 입니다
2595번째 입니다
2600번째 입니다
2605번째 입니다
2610번째 입니다
2615번째 입니다
2620번째 입니다
2625번째 입니다
2630번째 입니다
2635번째 입니다
2640번째 입니다
2645번째 입니다
2650번째 입니다
2655번째 입니다
2660번째 입니다
2665번째 입니다
2670번째 입니다
2675번째 입니다
2680번째 입니다
2685번째 입니다
2690번째 입니다
2695번째 입니다
2700번째 입니다
2705번째 입니다
2710번째 입니다
2715번째 입니다
2720번째 입니다
2725번째 입니다
2730번째 입니다
2735번째 입니다
2740번째 입니다
2745번째 입니다
2750번째 입니다
2755번째 입니다
2760번째 입니다
2765번째 입니다
2770번째 입니다
2775번째 입니다
2780번째 입니다
2785번째 입니다
2790번째 입니다
2795번째 입니다
2800번째 입니다
2805번째 입니다
2810번째 입니다
2815번째 입니다
2820번째 입니다
2825번째 입니다
2830번째 입니다
2835번째 입니다
2840번째 입니다
2845번째 입니다
2850번째 입니다
2855번째 입니다
2860번째 입니다
2865번째 입니다
2870번째 입니다
2875번째 입니다
2880번째 입니다
2885번째 입니다
2890번째 입니다
2895번째 입니다
2900번째 입니다
2905번째 입니다
2910번째 입니다
2915번째 입니다
2920번째 입니다
2925번째 입니다
2930번째 입니다
2935번째 입니다
2940번째 입니다
2945번째 입니다
2950번째 입니다
2955번째 입니다
2960번째 입니다
2965번째 입니다
2970번째 입니다
2975번째 입니다
2980번째 입니다
2985번째 입니다
2990번째 입니다
2995번째 입니다
3000번째 입니다
3005번째 입니다
3010번째 입니다
3015번째 입니다
3020번째 입니다
3025번째 입니다
3030번째 입니다
3035번째 입니다
3040번째 입니다
3045번째 입니다
3050번째 입니다
3055번째 입니다
3060번째 입니다
3065번째 입니다
3070번째 입니다
3075번째 입니다
3080번째 입니다
3085번째 입니다
3090번째 입니다
3095번째 입니다
3100번째 입니다
3105번째 입니다
3110번째 입니다
3115번째 입니다
3120번째 입니다
3125번째 입니다
3130번째 입니다
3135번째 입니다
3140번째 입니다
3145번째 입니다
3150번째 입니다
3155번째 입니다
3160번째 입니다
3165번째 입니다
3170번째 입니다
3175번째 입니다
3180번째 입니다
3185번째 입니다
3190번째 입니다
3195번째 입니다
3200번째 입니다
3205번째 입니다
3210번째 입니다
3215번째 입니다
3220번째 입니다
3225번째 입니다
3230번째 입니다
3235번째 입니다
3240번째 입니다
3245번째 입니다
3250번째 입니다
3255번째 입니다
3260번째 입니다
3265번째 입니다
3270번째 입니다
3275번째 입니다
3280번째 입니다
3285번째 입니다
3290번째 입니다
3295번째 입니다
3300번째 입니다
3305번째 입니다
3310번째 입니다
3315번째 입니다
3320번째 입니다
3325번째 입니다
3330번째 입니다
3335번째 입니다
3340번째 입니다
3345번째 입니다
3350번째 입니다
3355번째 입니다
3360번째 입니다
3365번째 입니다
3370번째 입니다
3375번째 입니다
3380번째 입니다
3385번째 입니다
3390번째 입니다
3395번째 입니다
3400번째 입니다
3405번째 입니다
3410번째 입니다
3415번째 입니다
3420번째 입니다
3425번째 입니다
3430번째 입니다
3435번째 입니다
3440번째 입니다
3445번째 입니다
3450번째 입니다
3455번째 입니다
3460번째 입니다
3465번째 입니다
3470번째 입니다
3475번째 입니다
3480번째 입니다
3485번째 입니다
3490번째 입니다
3495번째 입니다
3500번째 입니다
3505번째 입니다
3510번째 입니다
3515번째 입니다
3520번째 입니다
3525번째 입니다
3530번째 입니다
3535번째 입니다
3540번째 입니다
3545번째 입니다
3550번째 입니다
3555번째 입니다
3560번째 입니다
3565번째 입니다
3570번째 입니다
3575번째 입니다
3580번째 입니다
3585번째 입니다
3590번째 입니다
3595번째 입니다
3600번째 입니다
3605번째 입니다
3610번째 입니다
3615번째 입니다
3620번째 입니다
3625번째 입니다
3630번째 입니다
3635번째 입니다
3640번째 입니다
3645번째 입니다
3650번째 입니다
3655번째 입니다
3660번째 입니다
3665번째 입니다
3670번째 입니다
3675번째 입니다
3680번째 입니다
3685번째 입니다
3690번째 입니다
3695번째 입니다
3700번째 입니다
3705번째 입니다
3710번째 입니다
3715번째 입니다
3720번째 입니다
3725번째 입니다
3730번째 입니다
3735번째 입니다
3740번째 입니다
3745번째 입니다
3750번째 입니다
3755번째 입니다
3760번째 입니다
3765번째 입니다
3770번째 입니다
3775번째 입니다
3780번째 입니다
3785번째 입니다
3790번째 입니다
3795번째 입니다
3800번째 입니다
3805번째 입니다
3810번째 입니다
3815번째 입니다
3820번째 입니다
3825번째 입니다
3830번째 입니다
3835번째 입니다
3840번째 입니다
3845번째 입니다
3850번째 입니다
3855번째 입니다
3860번째 입니다
3865번째 입니다
3870번째 입니다
3875번째 입니다
3880번째 입니다
3885번째 입니다
3890번째 입니다
3895번째 입니다
3900번째 입니다
3905번째 입니다
3910번째 입니다
3915번째 입니다
3920번째 입니다
3925번째 입니다
3930번째 입니다
3935번째 입니다
3940번째 입니다
3945번째 입니다
3950번째 입니다
3955번째 입니다
3960번째 입니다
3965번째 입니다
3970번째 입니다
3975번째 입니다
3980번째 입니다
3985번째 입니다
3990번째 입니다
3995번째 입니다
4000번째 입니다
4005번째 입니다
4010번째 입니다
4015번째 입니다
4020번째 입니다
4025번째 입니다
4030번째 입니다
4035번째 입니다
4040번째 입니다
4045번째 입니다
4050번째 입니다
4055번째 입니다
4060번째 입니다
4065번째 입니다
4070번째 입니다
4075번째 입니다
4080번째 입니다
4085번째 입니다
4090번째 입니다
4095번째 입니다
4100번째 입니다
4105번째 입니다
4110번째 입니다
4115번째 입니다
4120번째 입니다
4125번째 입니다
4130번째 입니다
4135번째 입니다
4140번째 입니다
4145번째 입니다
4150번째 입니다
4155번째 입니다
4160번째 입니다
4165번째 입니다
4170번째 입니다
4175번째 입니다
4180번째 입니다
4185번째 입니다
4190번째 입니다
4195번째 입니다
4200번째 입니다
4205번째 입니다
4210번째 입니다
4215번째 입니다
4220번째 입니다
4225번째 입니다
4230번째 입니다
4235번째 입니다
4240번째 입니다
4245번째 입니다
4250번째 입니다
4255번째 입니다
4260번째 입니다
4265번째 입니다
4270번째 입니다
4275번째 입니다
4280번째 입니다
4285번째 입니다
4290번째 입니다
4295번째 입니다
4300번째 입니다
4305번째 입니다
4310번째 입니다
4315번째 입니다
4320번째 입니다
4325번째 입니다
4330번째 입니다
4335번째 입니다
4340번째 입니다
4345번째 입니다
4350번째 입니다
4355번째 입니다
4360번째 입니다
4365번째 입니다
4370번째 입니다
4375번째 입니다
4380번째 입니다
4385번째 입니다
4390번째 입니다
4395번째 입니다
4400번째 입니다
4405번째 입니다
4410번째 입니다
4415번째 입니다
4420번째 입니다
4425번째 입니다
4430번째 입니다
4435번째 입니다
4440번째 입니다
4445번째 입니다
4450번째 입니다
4455번째 입니다
4460번째 입니다
4465번째 입니다
4470번째 입니다
4475번째 입니다
4480번째 입니다
4485번째 입니다
4490번째 입니다
4495번째 입니다
4500번째 입니다
4505번째 입니다
4510번째 입니다
4515번째 입니다
4520번째 입니다
4525번째 입니다
4530번째 입니다
4535번째 입니다
4540번째 입니다
4545번째 입니다
4550번째 입니다
4555번째 입니다
4560번째 입니다
4565번째 입니다
4570번째 입니다
4575번째 입니다
4580번째 입니다
4585번째 입니다
4590번째 입니다
4595번째 입니다
4600번째 입니다
4605번째 입니다
4610번째 입니다
4615번째 입니다
4620번째 입니다
4625번째 입니다
4630번째 입니다
4635번째 입니다
4640번째 입니다
4645번째 입니다
4650번째 입니다
4655번째 입니다
4660번째 입니다
4665번째 입니다
4670번째 입니다
4675번째 입니다
4680번째 입니다
4685번째 입니다
4690번째 입니다
4695번째 입니다
4700번째 입니다
4705번째 입니다
4710번째 입니다
4715번째 입니다
4720번째 입니다
4725번째 입니다
4730번째 입니다
4735번째 입니다
4740번째 입니다
4745번째 입니다
4750번째 입니다
4755번째 입니다
4760번째 입니다
4765번째 입니다
4770번째 입니다
4775번째 입니다
4780번째 입니다
4785번째 입니다
4790번째 입니다
4795번째 입니다
4800번째 입니다
4805번째 입니다
4810번째 입니다
4815번째 입니다
4820번째 입니다
4825번째 입니다
4830번째 입니다
4835번째 입니다
4840번째 입니다
4845번째 입니다
4850번째 입니다
4855번째 입니다
4860번째 입니다
4865번째 입니다
4870번째 입니다
4875번째 입니다
4880번째 입니다
4885번째 입니다
4890번째 입니다
4895번째 입니다
4900번째 입니다
4905번째 입니다
4910번째 입니다
4915번째 입니다
4920번째 입니다
4925번째 입니다
4930번째 입니다
4935번째 입니다
4940번째 입니다
4945번째 입니다
4950번째 입니다
4955번째 입니다
4960번째 입니다
4965번째 입니다
4970번째 입니다
4975번째 입니다
4980번째 입니다
4985번째 입니다
4990번째 입니다
4995번째 입니다
5000번째 입니다
5005번째 입니다
5010번째 입니다
5015번째 입니다
5020번째 입니다
5025번째 입니다
5030번째 입니다
5035번째 입니다
5040번째 입니다
5045번째 입니다
5050번째 입니다
5055번째 입니다
5060번째 입니다
5065번째 입니다
5070번째 입니다
5075번째 입니다
5080번째 입니다
5085번째 입니다
5090번째 입니다
5095번째 입니다
5100번째 입니다
5105번째 입니다
5110번째 입니다
5115번째 입니다
5120번째 입니다
5125번째 입니다
5130번째 입니다
5135번째 입니다
5140번째 입니다
5145번째 입니다
5150번째 입니다
5155번째 입니다
5160번째 입니다
5165번째 입니다
5170번째 입니다
5175번째 입니다
5180번째 입니다
5185번째 입니다
5190번째 입니다
5195번째 입니다
5200번째 입니다
5205번째 입니다
5210번째 입니다
5215번째 입니다
5220번째 입니다
5225번째 입니다
5230번째 입니다
5235번째 입니다
5240번째 입니다
5245번째 입니다
5250번째 입니다
5255번째 입니다
5260번째 입니다
5265번째 입니다
5270번째 입니다
5275번째 입니다
5280번째 입니다
5285번째 입니다
5290번째 입니다
5295번째 입니다
5300번째 입니다
5305번째 입니다
5310번째 입니다
5315번째 입니다
5320번째 입니다
5325번째 입니다
5330번째 입니다
5335번째 입니다
5340번째 입니다
5345번째 입니다
5350번째 입니다
5355번째 입니다
5360번째 입니다
5365번째 입니다
5370번째 입니다
5375번째 입니다
5380번째 입니다
5385번째 입니다
5390번째 입니다
5395번째 입니다
5400번째 입니다
5405번째 입니다
5410번째 입니다
5415번째 입니다
5420번째 입니다
5425번째 입니다
5430번째 입니다
5435번째 입니다
5440번째 입니다
5445번째 입니다
5450번째 입니다
5455번째 입니다
5460번째 입니다
5465번째 입니다
5470번째 입니다
5475번째 입니다
5480번째 입니다
5485번째 입니다
5490번째 입니다
5495번째 입니다
5500번째 입니다
5505번째 입니다
5510번째 입니다
5515번째 입니다
5520번째 입니다
5525번째 입니다
5530번째 입니다
5535번째 입니다
5540번째 입니다
5545번째 입니다
5550번째 입니다
5555번째 입니다
5560번째 입니다
5565번째 입니다
5570번째 입니다
5575번째 입니다
5580번째 입니다
5585번째 입니다
5590번째 입니다
5595번째 입니다
5600번째 입니다
5605번째 입니다
5610번째 입니다
5615번째 입니다
5620번째 입니다
5625번째 입니다
5630번째 입니다
5635번째 입니다
5640번째 입니다
5645번째 입니다
5650번째 입니다
5655번째 입니다
5660번째 입니다
5665번째 입니다
5670번째 입니다
5675번째 입니다
5680번째 입니다
5685번째 입니다
5690번째 입니다
5695번째 입니다
5700번째 입니다
5705번째 입니다
5710번째 입니다
5715번째 입니다
5720번째 입니다
5725번째 입니다
5730번째 입니다
5735번째 입니다
5740번째 입니다
5745번째 입니다
5750번째 입니다
5755번째 입니다
5760번째 입니다
5765번째 입니다
5770번째 입니다
5775번째 입니다
5780번째 입니다
5785번째 입니다
5790번째 입니다
5795번째 입니다
5800번째 입니다
5805번째 입니다
5810번째 입니다
5815번째 입니다
5820번째 입니다
5825번째 입니다
5830번째 입니다
5835번째 입니다
5840번째 입니다
5845번째 입니다
5850번째 입니다
5855번째 입니다
5860번째 입니다
5865번째 입니다
5870번째 입니다
5875번째 입니다
5880번째 입니다
5885번째 입니다
5890번째 입니다
5895번째 입니다
5900번째 입니다
5905번째 입니다
5910번째 입니다
5915번째 입니다
5920번째 입니다
5925번째 입니다
5930번째 입니다
5935번째 입니다
5940번째 입니다
5945번째 입니다
5950번째 입니다
5955번째 입니다
5960번째 입니다
5965번째 입니다
5970번째 입니다
5975번째 입니다
5980번째 입니다
5985번째 입니다
5990번째 입니다
5995번째 입니다
6000번째 입니다
6005번째 입니다
6010번째 입니다
6015번째 입니다
6020번째 입니다
6025번째 입니다
6030번째 입니다
6035번째 입니다
6040번째 입니다
6045번째 입니다
6050번째 입니다
6055번째 입니다
6060번째 입니다
6065번째 입니다
6070번째 입니다
6075번째 입니다
6080번째 입니다
6085번째 입니다
6090번째 입니다
6095번째 입니다
6100번째 입니다
6105번째 입니다
6110번째 입니다
6115번째 입니다
6120번째 입니다
6125번째 입니다
6130번째 입니다
6135번째 입니다
6140번째 입니다
6145번째 입니다
6150번째 입니다
6155번째 입니다
6160번째 입니다
6165번째 입니다
6170번째 입니다
6175번째 입니다
6180번째 입니다
6185번째 입니다
6190번째 입니다
6195번째 입니다
6200번째 입니다
6205번째 입니다
6210번째 입니다
6215번째 입니다
6220번째 입니다
6225번째 입니다
6230번째 입니다
6235번째 입니다
6240번째 입니다
6245번째 입니다
6250번째 입니다
6255번째 입니다
6260번째 입니다
6265번째 입니다
6270번째 입니다
6275번째 입니다
6280번째 입니다
6285번째 입니다
6290번째 입니다
6295번째 입니다
6300번째 입니다
6305번째 입니다
6310번째 입니다
6315번째 입니다
6320번째 입니다
6325번째 입니다
6330번째 입니다
6335번째 입니다
6340번째 입니다
6345번째 입니다
6350번째 입니다
6355번째 입니다
6360번째 입니다
6365번째 입니다
6370번째 입니다
6375번째 입니다
6380번째 입니다
6385번째 입니다
6390번째 입니다
6395번째 입니다
6400번째 입니다
6405번째 입니다
6410번째 입니다
6415번째 입니다
6420번째 입니다
6425번째 입니다
6430번째 입니다
6435번째 입니다
6440번째 입니다
6445번째 입니다
6450번째 입니다
6455번째 입니다
6460번째 입니다
6465번째 입니다
6470번째 입니다
6475번째 입니다
6480번째 입니다
6485번째 입니다
6490번째 입니다
6495번째 입니다
6500번째 입니다
6505번째 입니다
6510번째 입니다
6515번째 입니다
6520번째 입니다
6525번째 입니다
6530번째 입니다
6535번째 입니다
6540번째 입니다
6545번째 입니다
6550번째 입니다
6555번째 입니다
6560번째 입니다
6565번째 입니다
6570번째 입니다
6575번째 입니다
6580번째 입니다
6585번째 입니다
6590번째 입니다
6595번째 입니다
Traceback (most recent call last):
  File "ToImage.py", line 26, in <module>
    response = urllib.request.urlopen(url) 
  File "/home/team2/anaconda3/envs/AI/lib/python3.7/urllib/request.py", line 222, in urlopen
    return opener.open(url, data, timeout)
  File "/home/team2/anaconda3/envs/AI/lib/python3.7/urllib/request.py", line 531, in open
    response = meth(req, response)
  File "/home/team2/anaconda3/envs/AI/lib/python3.7/urllib/request.py", line 641, in http_response
    'http', request, response, code, msg, hdrs)
  File "/home/team2/anaconda3/envs/AI/lib/python3.7/urllib/request.py", line 569, in error
    return self._call_chain(*args)
  File "/home/team2/anaconda3/envs/AI/lib/python3.7/urllib/request.py", line 503, in _call_chain
    result = func(*args)
  File "/home/team2/anaconda3/envs/AI/lib/python3.7/urllib/request.py", line 649, in http_error_default
    raise HTTPError(req.full_url, code, msg, hdrs, fp)
urllib.error.HTTPError: HTTP Error 502: Bad Gateway
